<?xml version="1.0" encoding="UTF-8"?>
<testsuite xmlns:xsi="http://www.w3.org/2001/XMLSchema-instance" xsi:noNamespaceSchemaLocation="https://maven.apache.org/surefire/maven-surefire-plugin/xsd/surefire-test-report.xsd" name="com.garage.usagedata.RetrieveUsagedataSvcApplicationTests" time="2.452" tests="2" errors="2" skipped="0" failures="0">
  <properties>
[...]
</properties>
  <testcase name="기본_등록_조회기능" classname="com.garage.usagedata.RetrieveUsagedataSvcApplicationTests" time="0.303">
    <error message="Unable to connect to Redis; nested exception is io.lettuce.core.RedisConnectionException: Unable to connect to 127.0.0.1:6379" type="org.springframework.data.redis.RedisConnectionFailureException">org.springframework.data.redis.RedisConnectionFailureException: Unable to connect to Redis; nested exception is io.lettuce.core.RedisConnectionException: Unable to connect to 127.0.0.1:6379
	at com.garage.usagedata.RetrieveUsagedataSvcApplicationTests.기본_등록_조회기능(RetrieveUsagedataSvcApplicationTests.java:37)
Caused by: io.lettuce.core.RedisConnectionException: Unable to connect to 127.0.0.1:6379
	at com.garage.usagedata.RetrieveUsagedataSvcApplicationTests.기본_등록_조회기능(RetrieveUsagedataSvcApplicationTests.java:37)
Caused by: io.netty.channel.AbstractChannel$AnnotatedConnectException: Connection refused: /127.0.0.1:6379
Caused by: java.net.ConnectException: Connection refused
</error>
    <system-out><![CDATA[22:50:23.169 [main] DEBUG org.springframework.test.context.junit4.SpringJUnit4ClassRunner - SpringJUnit4ClassRunner constructor called with [class com.garage.usagedata.RetrieveUsagedataSvcApplicationTests]
22:50:23.173 [main] DEBUG org.springframework.test.context.BootstrapUtils - Instantiating CacheAwareContextLoaderDelegate from class [org.springframework.test.context.cache.DefaultCacheAwareContextLoaderDelegate]
22:50:23.178 [main] DEBUG org.springframework.test.context.BootstrapUtils - Instantiating BootstrapContext using constructor [public org.springframework.test.context.support.DefaultBootstrapContext(java.lang.Class,org.springframework.test.context.CacheAwareContextLoaderDelegate)]
22:50:23.193 [main] DEBUG org.springframework.test.context.BootstrapUtils - Instantiating TestContextBootstrapper for test class [com.garage.usagedata.RetrieveUsagedataSvcApplicationTests] from class [org.springframework.boot.test.context.SpringBootTestContextBootstrapper]
22:50:23.202 [main] INFO org.springframework.boot.test.context.SpringBootTestContextBootstrapper - Neither @ContextConfiguration nor @ContextHierarchy found for test class [com.garage.usagedata.RetrieveUsagedataSvcApplicationTests], using SpringBootContextLoader
22:50:23.204 [main] DEBUG org.springframework.test.context.support.AbstractContextLoader - Did not detect default resource location for test class [com.garage.usagedata.RetrieveUsagedataSvcApplicationTests]: class path resource [com/garage/usagedata/RetrieveUsagedataSvcApplicationTests-context.xml] does not exist
22:50:23.204 [main] DEBUG org.springframework.test.context.support.AbstractContextLoader - Did not detect default resource location for test class [com.garage.usagedata.RetrieveUsagedataSvcApplicationTests]: class path resource [com/garage/usagedata/RetrieveUsagedataSvcApplicationTestsContext.groovy] does not exist
22:50:23.204 [main] INFO org.springframework.test.context.support.AbstractContextLoader - Could not detect default resource locations for test class [com.garage.usagedata.RetrieveUsagedataSvcApplicationTests]: no resource found for suffixes {-context.xml, Context.groovy}.
22:50:23.205 [main] INFO org.springframework.test.context.support.AnnotationConfigContextLoaderUtils - Could not detect default configuration classes for test class [com.garage.usagedata.RetrieveUsagedataSvcApplicationTests]: RetrieveUsagedataSvcApplicationTests does not declare any static, non-private, non-final, nested classes annotated with @Configuration.
22:50:23.235 [main] DEBUG org.springframework.test.context.support.ActiveProfilesUtils - Could not find an 'annotation declaring class' for annotation type [org.springframework.test.context.ActiveProfiles] and class [com.garage.usagedata.RetrieveUsagedataSvcApplicationTests]
22:50:23.300 [main] DEBUG org.springframework.context.annotation.ClassPathScanningCandidateComponentProvider - Identified candidate component class: file [/Users/neocode24/Documents/workspace-ibm-garage/retrieve-usagedata-svc/target/classes/com/garage/usagedata/RetrieveUsagedataSvcApplication.class]
22:50:23.301 [main] INFO org.springframework.boot.test.context.SpringBootTestContextBootstrapper - Found @SpringBootConfiguration com.garage.usagedata.RetrieveUsagedataSvcApplication for test class com.garage.usagedata.RetrieveUsagedataSvcApplicationTests
22:50:23.381 [main] DEBUG org.springframework.boot.test.context.SpringBootTestContextBootstrapper - @TestExecutionListeners is not present for class [com.garage.usagedata.RetrieveUsagedataSvcApplicationTests]: using defaults.
22:50:23.381 [main] INFO org.springframework.boot.test.context.SpringBootTestContextBootstrapper - Loaded default TestExecutionListener class names from location [META-INF/spring.factories]: [org.springframework.boot.test.mock.mockito.MockitoTestExecutionListener, org.springframework.boot.test.mock.mockito.ResetMocksTestExecutionListener, org.springframework.boot.test.autoconfigure.restdocs.RestDocsTestExecutionListener, org.springframework.boot.test.autoconfigure.web.client.MockRestServiceServerResetTestExecutionListener, org.springframework.boot.test.autoconfigure.web.servlet.MockMvcPrintOnlyOnFailureTestExecutionListener, org.springframework.boot.test.autoconfigure.web.servlet.WebDriverTestExecutionListener, org.springframework.test.context.web.ServletTestExecutionListener, org.springframework.test.context.support.DirtiesContextBeforeModesTestExecutionListener, org.springframework.test.context.support.DependencyInjectionTestExecutionListener, org.springframework.test.context.support.DirtiesContextTestExecutionListener, org.springframework.test.context.transaction.TransactionalTestExecutionListener, org.springframework.test.context.jdbc.SqlScriptsTestExecutionListener]
22:50:23.392 [main] INFO org.springframework.boot.test.context.SpringBootTestContextBootstrapper - Using TestExecutionListeners: [org.springframework.test.context.web.ServletTestExecutionListener@9597028, org.springframework.test.context.support.DirtiesContextBeforeModesTestExecutionListener@6069db50, org.springframework.boot.test.mock.mockito.MockitoTestExecutionListener@4efbca5a, org.springframework.boot.test.autoconfigure.SpringBootDependencyInjectionTestExecutionListener@1b7cc17c, org.springframework.test.context.support.DirtiesContextTestExecutionListener@59662a0b, org.springframework.test.context.transaction.TransactionalTestExecutionListener@77fbd92c, org.springframework.test.context.jdbc.SqlScriptsTestExecutionListener@67c27493, org.springframework.boot.test.mock.mockito.ResetMocksTestExecutionListener@1a482e36, org.springframework.boot.test.autoconfigure.restdocs.RestDocsTestExecutionListener@72967906, org.springframework.boot.test.autoconfigure.web.client.MockRestServiceServerResetTestExecutionListener@5b8dfcc1, org.springframework.boot.test.autoconfigure.web.servlet.MockMvcPrintOnlyOnFailureTestExecutionListener@2f9f7dcf, org.springframework.boot.test.autoconfigure.web.servlet.WebDriverTestExecutionListener@747ddf94]
22:50:23.393 [main] DEBUG org.springframework.test.annotation.ProfileValueUtils - Retrieved @ProfileValueSourceConfiguration [null] for test class [com.garage.usagedata.RetrieveUsagedataSvcApplicationTests]
22:50:23.394 [main] DEBUG org.springframework.test.annotation.ProfileValueUtils - Retrieved ProfileValueSource type [class org.springframework.test.annotation.SystemProfileValueSource] for class [com.garage.usagedata.RetrieveUsagedataSvcApplicationTests]
22:50:23.394 [main] DEBUG org.springframework.test.annotation.ProfileValueUtils - Retrieved @ProfileValueSourceConfiguration [null] for test class [com.garage.usagedata.RetrieveUsagedataSvcApplicationTests]
22:50:23.394 [main] DEBUG org.springframework.test.annotation.ProfileValueUtils - Retrieved ProfileValueSource type [class org.springframework.test.annotation.SystemProfileValueSource] for class [com.garage.usagedata.RetrieveUsagedataSvcApplicationTests]
22:50:23.395 [main] DEBUG org.springframework.test.annotation.ProfileValueUtils - Retrieved @ProfileValueSourceConfiguration [null] for test class [com.garage.usagedata.RetrieveUsagedataSvcApplicationTests]
22:50:23.395 [main] DEBUG org.springframework.test.annotation.ProfileValueUtils - Retrieved ProfileValueSource type [class org.springframework.test.annotation.SystemProfileValueSource] for class [com.garage.usagedata.RetrieveUsagedataSvcApplicationTests]
22:50:23.397 [main] DEBUG org.springframework.test.context.support.AbstractDirtiesContextTestExecutionListener - Before test class: context [DefaultTestContext@6f1de4c7 testClass = RetrieveUsagedataSvcApplicationTests, testInstance = [null], testMethod = [null], testException = [null], mergedContextConfiguration = [WebMergedContextConfiguration@459e9125 testClass = RetrieveUsagedataSvcApplicationTests, locations = '{}', classes = '{class com.garage.usagedata.RetrieveUsagedataSvcApplication}', contextInitializerClasses = '[]', activeProfiles = '{}', propertySourceLocations = '{}', propertySourceProperties = '{org.springframework.boot.test.context.SpringBootTestContextBootstrapper=true}', contextCustomizers = set[org.springframework.boot.test.context.filter.ExcludeFilterContextCustomizer@6a1aab78, org.springframework.boot.test.json.DuplicateJsonObjectContextCustomizerFactory$DuplicateJsonObjectContextCustomizer@4a87761d, org.springframework.boot.test.mock.mockito.MockitoContextCustomizer@0, org.springframework.boot.test.web.client.TestRestTemplateContextCustomizer@c81cdd1, org.springframework.boot.test.autoconfigure.properties.PropertyMappingContextCustomizer@0, org.springframework.boot.test.autoconfigure.web.servlet.WebDriverContextCustomizerFactory$Customizer@401e7803], resourceBasePath = 'src/main/webapp', contextLoader = 'org.springframework.boot.test.context.SpringBootContextLoader', parent = [null]], attributes = map['org.springframework.test.context.web.ServletTestExecutionListener.activateListener' -> true]], class annotated with @DirtiesContext [false] with mode [null].
22:50:23.397 [main] DEBUG org.springframework.test.annotation.ProfileValueUtils - Retrieved @ProfileValueSourceConfiguration [null] for test class [com.garage.usagedata.RetrieveUsagedataSvcApplicationTests]
22:50:23.398 [main] DEBUG org.springframework.test.annotation.ProfileValueUtils - Retrieved ProfileValueSource type [class org.springframework.test.annotation.SystemProfileValueSource] for class [com.garage.usagedata.RetrieveUsagedataSvcApplicationTests]
22:50:23.411 [main] DEBUG org.springframework.test.context.support.TestPropertySourceUtils - Adding inlined properties to environment: {spring.jmx.enabled=false, org.springframework.boot.test.context.SpringBootTestContextBootstrapper=true, server.port=-1}

  .   ____          _            __ _ _
 /\\ / ___'_ __ _ _(_)_ __  __ _ \ \ \ \
( ( )\___ | '_ | '_| | '_ \/ _` | \ \ \ \
 \\/  ___)| |_)| | | | | || (_| |  ) ) ) )
  '  |____| .__|_| |_|_| |_\__, | / / / /
 =========|_|==============|___/=/_/_/_/
 :: Spring Boot ::        (v2.1.1.RELEASE)

2019-01-08 22:50:23.577  INFO 5805 --- [           main] g.u.RetrieveUsagedataSvcApplicationTests : Starting RetrieveUsagedataSvcApplicationTests on NeoCode24-Mac-mini.local with PID 5805 (started by neocode24 in /Users/neocode24/Documents/workspace-ibm-garage/retrieve-usagedata-svc)
2019-01-08 22:50:23.578  INFO 5805 --- [           main] g.u.RetrieveUsagedataSvcApplicationTests : No active profile set, falling back to default profiles: default
2019-01-08 22:50:23.894  INFO 5805 --- [           main] .s.d.r.c.RepositoryConfigurationDelegate : Multiple Spring Data modules found, entering strict repository configuration mode!
2019-01-08 22:50:23.895  INFO 5805 --- [           main] .s.d.r.c.RepositoryConfigurationDelegate : Bootstrapping Spring Data repositories in DEFAULT mode.
2019-01-08 22:50:23.910  INFO 5805 --- [           main] .s.d.r.c.RepositoryConfigurationDelegate : Finished Spring Data repository scanning in 5ms. Found 0 repository interfaces.
2019-01-08 22:50:23.990  INFO 5805 --- [           main] .s.d.r.c.RepositoryConfigurationDelegate : Multiple Spring Data modules found, entering strict repository configuration mode!
2019-01-08 22:50:23.990  INFO 5805 --- [           main] .s.d.r.c.RepositoryConfigurationDelegate : Bootstrapping Spring Data repositories in DEFAULT mode.
2019-01-08 22:50:24.081  INFO 5805 --- [           main] .s.d.r.c.RepositoryConfigurationDelegate : Finished Spring Data repository scanning in 91ms. Found 1 repository interfaces.
2019-01-08 22:50:24.959  INFO 5805 --- [           main] o.s.s.concurrent.ThreadPoolTaskExecutor  : Initializing ExecutorService 'applicationTaskExecutor'
2019-01-08 22:50:25.196  INFO 5805 --- [           main] g.u.RetrieveUsagedataSvcApplicationTests : Started RetrieveUsagedataSvcApplicationTests in 1.779 seconds (JVM running for 2.3)
2019-01-08 22:50:25.425  INFO 5805 --- [           main] io.lettuce.core.EpollProvider            : Starting without optional epoll library
2019-01-08 22:50:25.425  INFO 5805 --- [           main] io.lettuce.core.KqueueProvider           : Starting without optional kqueue library
]]></system-out>
  </testcase>
  <testcase name="기본_등록_조회기능" classname="com.garage.usagedata.RetrieveUsagedataSvcApplicationTests" time="0.304">
    <error message="Unable to connect to Redis; nested exception is io.lettuce.core.RedisConnectionException: Unable to connect to 127.0.0.1:6379" type="org.springframework.data.redis.RedisConnectionFailureException">org.springframework.data.redis.RedisConnectionFailureException: Unable to connect to Redis; nested exception is io.lettuce.core.RedisConnectionException: Unable to connect to 127.0.0.1:6379
	at com.garage.usagedata.RetrieveUsagedataSvcApplicationTests.tearDown(RetrieveUsagedataSvcApplicationTests.java:26)
Caused by: io.lettuce.core.RedisConnectionException: Unable to connect to 127.0.0.1:6379
	at com.garage.usagedata.RetrieveUsagedataSvcApplicationTests.tearDown(RetrieveUsagedataSvcApplicationTests.java:26)
Caused by: io.netty.channel.AbstractChannel$AnnotatedConnectException: Connection refused: /127.0.0.1:6379
Caused by: java.net.ConnectException: Connection refused
</error>
  </testcase>
</testsuite>